<?xml version="1.0" encoding="UTF-8"?>
<testsuite xmlns:xsi="http://www.w3.org/2001/XMLSchema-instance" xsi:noNamespaceSchemaLocation="https://maven.apache.org/surefire/maven-surefire-plugin/xsd/surefire-test-report.xsd" version="3.0.2" name="com.mohan.bookmarks_api_backend.controller.BookmarkControllerTest" time="4.259" tests="3" errors="0" skipped="0" failures="0">
  <properties>
    <property name="java.specification.version" value="23"/>
    <property name="sun.jnu.encoding" value="UTF-8"/>
    <property name="spring-boot.build-image.imageName" value="mohan999947/bookmarker-api-backend"/>
    <property name="java.class.path" value="/Users/mohan/Desktop/software_development/backend/bookmarks-api-backend/target/test-classes:/Users/mohan/Desktop/software_development/backend/bookmarks-api-backend/target/classes:/Users/mohan/.m2/repository/org/springframework/boot/spring-boot-starter-actuator/3.4.0/spring-boot-starter-actuator-3.4.0.jar:/Users/mohan/.m2/repository/org/springframework/boot/spring-boot-starter/3.4.0/spring-boot-starter-3.4.0.jar:/Users/mohan/.m2/repository/org/springframework/boot/spring-boot-starter-logging/3.4.0/spring-boot-starter-logging-3.4.0.jar:/Users/mohan/.m2/repository/ch/qos/logback/logback-classic/1.5.12/logback-classic-1.5.12.jar:/Users/mohan/.m2/repository/ch/qos/logback/logback-core/1.5.12/logback-core-1.5.12.jar:/Users/mohan/.m2/repository/org/apache/logging/log4j/log4j-to-slf4j/2.24.1/log4j-to-slf4j-2.24.1.jar:/Users/mohan/.m2/repository/org/apache/logging/log4j/log4j-api/2.24.1/log4j-api-2.24.1.jar:/Users/mohan/.m2/repository/org/slf4j/jul-to-slf4j/2.0.16/jul-to-slf4j-2.0.16.jar:/Users/mohan/.m2/repository/jakarta/annotation/jakarta.annotation-api/2.1.1/jakarta.annotation-api-2.1.1.jar:/Users/mohan/.m2/repository/org/yaml/snakeyaml/2.3/snakeyaml-2.3.jar:/Users/mohan/.m2/repository/org/springframework/boot/spring-boot-actuator-autoconfigure/3.4.0/spring-boot-actuator-autoconfigure-3.4.0.jar:/Users/mohan/.m2/repository/org/springframework/boot/spring-boot-actuator/3.4.0/spring-boot-actuator-3.4.0.jar:/Users/mohan/.m2/repository/com/fasterxml/jackson/core/jackson-databind/2.18.1/jackson-databind-2.18.1.jar:/Users/mohan/.m2/repository/io/micrometer/micrometer-observation/1.14.1/micrometer-observation-1.14.1.jar:/Users/mohan/.m2/repository/io/micrometer/micrometer-commons/1.14.1/micrometer-commons-1.14.1.jar:/Users/mohan/.m2/repository/io/micrometer/micrometer-jakarta9/1.14.1/micrometer-jakarta9-1.14.1.jar:/Users/mohan/.m2/repository/io/micrometer/micrometer-core/1.14.1/micrometer-core-1.14.1.jar:/Users/mohan/.m2/repository/org/hdrhistogram/HdrHistogram/2.2.2/HdrHistogram-2.2.2.jar:/Users/mohan/.m2/repository/org/latencyutils/LatencyUtils/2.0.3/LatencyUtils-2.0.3.jar:/Users/mohan/.m2/repository/org/springframework/boot/spring-boot-starter-data-jpa/3.4.0/spring-boot-starter-data-jpa-3.4.0.jar:/Users/mohan/.m2/repository/org/springframework/boot/spring-boot-starter-jdbc/3.4.0/spring-boot-starter-jdbc-3.4.0.jar:/Users/mohan/.m2/repository/com/zaxxer/HikariCP/5.1.0/HikariCP-5.1.0.jar:/Users/mohan/.m2/repository/org/springframework/spring-jdbc/6.2.0/spring-jdbc-6.2.0.jar:/Users/mohan/.m2/repository/org/hibernate/orm/hibernate-core/6.6.2.Final/hibernate-core-6.6.2.Final.jar:/Users/mohan/.m2/repository/jakarta/persistence/jakarta.persistence-api/3.1.0/jakarta.persistence-api-3.1.0.jar:/Users/mohan/.m2/repository/jakarta/transaction/jakarta.transaction-api/2.0.1/jakarta.transaction-api-2.0.1.jar:/Users/mohan/.m2/repository/org/jboss/logging/jboss-logging/3.6.1.Final/jboss-logging-3.6.1.Final.jar:/Users/mohan/.m2/repository/org/hibernate/common/hibernate-commons-annotations/7.0.3.Final/hibernate-commons-annotations-7.0.3.Final.jar:/Users/mohan/.m2/repository/io/smallrye/jandex/3.2.0/jandex-3.2.0.jar:/Users/mohan/.m2/repository/com/fasterxml/classmate/1.7.0/classmate-1.7.0.jar:/Users/mohan/.m2/repository/net/bytebuddy/byte-buddy/1.15.10/byte-buddy-1.15.10.jar:/Users/mohan/.m2/repository/org/glassfish/jaxb/jaxb-runtime/4.0.5/jaxb-runtime-4.0.5.jar:/Users/mohan/.m2/repository/org/glassfish/jaxb/jaxb-core/4.0.5/jaxb-core-4.0.5.jar:/Users/mohan/.m2/repository/org/eclipse/angus/angus-activation/2.0.2/angus-activation-2.0.2.jar:/Users/mohan/.m2/repository/org/glassfish/jaxb/txw2/4.0.5/txw2-4.0.5.jar:/Users/mohan/.m2/repository/com/sun/istack/istack-commons-runtime/4.1.2/istack-commons-runtime-4.1.2.jar:/Users/mohan/.m2/repository/jakarta/inject/jakarta.inject-api/2.0.1/jakarta.inject-api-2.0.1.jar:/Users/mohan/.m2/repository/org/antlr/antlr4-runtime/4.13.0/antlr4-runtime-4.13.0.jar:/Users/mohan/.m2/repository/org/springframework/data/spring-data-jpa/3.4.0/spring-data-jpa-3.4.0.jar:/Users/mohan/.m2/repository/org/springframework/data/spring-data-commons/3.4.0/spring-data-commons-3.4.0.jar:/Users/mohan/.m2/repository/org/springframework/spring-orm/6.2.0/spring-orm-6.2.0.jar:/Users/mohan/.m2/repository/org/springframework/spring-context/6.2.0/spring-context-6.2.0.jar:/Users/mohan/.m2/repository/org/springframework/spring-aop/6.2.0/spring-aop-6.2.0.jar:/Users/mohan/.m2/repository/org/springframework/spring-tx/6.2.0/spring-tx-6.2.0.jar:/Users/mohan/.m2/repository/org/springframework/spring-beans/6.2.0/spring-beans-6.2.0.jar:/Users/mohan/.m2/repository/org/slf4j/slf4j-api/2.0.16/slf4j-api-2.0.16.jar:/Users/mohan/.m2/repository/org/springframework/spring-aspects/6.2.0/spring-aspects-6.2.0.jar:/Users/mohan/.m2/repository/org/aspectj/aspectjweaver/1.9.22.1/aspectjweaver-1.9.22.1.jar:/Users/mohan/.m2/repository/org/springframework/boot/spring-boot-starter-validation/3.4.0/spring-boot-starter-validation-3.4.0.jar:/Users/mohan/.m2/repository/org/apache/tomcat/embed/tomcat-embed-el/10.1.33/tomcat-embed-el-10.1.33.jar:/Users/mohan/.m2/repository/org/hibernate/validator/hibernate-validator/8.0.1.Final/hibernate-validator-8.0.1.Final.jar:/Users/mohan/.m2/repository/jakarta/validation/jakarta.validation-api/3.0.2/jakarta.validation-api-3.0.2.jar:/Users/mohan/.m2/repository/org/springframework/boot/spring-boot-starter-web/3.4.0/spring-boot-starter-web-3.4.0.jar:/Users/mohan/.m2/repository/org/springframework/boot/spring-boot-starter-json/3.4.0/spring-boot-starter-json-3.4.0.jar:/Users/mohan/.m2/repository/com/fasterxml/jackson/datatype/jackson-datatype-jdk8/2.18.1/jackson-datatype-jdk8-2.18.1.jar:/Users/mohan/.m2/repository/com/fasterxml/jackson/module/jackson-module-parameter-names/2.18.1/jackson-module-parameter-names-2.18.1.jar:/Users/mohan/.m2/repository/org/springframework/boot/spring-boot-starter-tomcat/3.4.0/spring-boot-starter-tomcat-3.4.0.jar:/Users/mohan/.m2/repository/org/apache/tomcat/embed/tomcat-embed-core/10.1.33/tomcat-embed-core-10.1.33.jar:/Users/mohan/.m2/repository/org/apache/tomcat/embed/tomcat-embed-websocket/10.1.33/tomcat-embed-websocket-10.1.33.jar:/Users/mohan/.m2/repository/org/springframework/spring-web/6.2.0/spring-web-6.2.0.jar:/Users/mohan/.m2/repository/org/springframework/spring-webmvc/6.2.0/spring-webmvc-6.2.0.jar:/Users/mohan/.m2/repository/org/springframework/spring-expression/6.2.0/spring-expression-6.2.0.jar:/Users/mohan/.m2/repository/org/flywaydb/flyway-core/10.20.1/flyway-core-10.20.1.jar:/Users/mohan/.m2/repository/com/fasterxml/jackson/dataformat/jackson-dataformat-toml/2.18.1/jackson-dataformat-toml-2.18.1.jar:/Users/mohan/.m2/repository/com/fasterxml/jackson/core/jackson-core/2.18.1/jackson-core-2.18.1.jar:/Users/mohan/.m2/repository/com/fasterxml/jackson/datatype/jackson-datatype-jsr310/2.18.1/jackson-datatype-jsr310-2.18.1.jar:/Users/mohan/.m2/repository/com/fasterxml/jackson/core/jackson-annotations/2.18.1/jackson-annotations-2.18.1.jar:/Users/mohan/.m2/repository/org/flywaydb/flyway-database-postgresql/10.20.1/flyway-database-postgresql-10.20.1.jar:/Users/mohan/.m2/repository/org/springframework/boot/spring-boot-devtools/3.4.0/spring-boot-devtools-3.4.0.jar:/Users/mohan/.m2/repository/org/springframework/boot/spring-boot/3.4.0/spring-boot-3.4.0.jar:/Users/mohan/.m2/repository/org/springframework/boot/spring-boot-autoconfigure/3.4.0/spring-boot-autoconfigure-3.4.0.jar:/Users/mohan/.m2/repository/com/h2database/h2/2.3.232/h2-2.3.232.jar:/Users/mohan/.m2/repository/org/postgresql/postgresql/42.7.4/postgresql-42.7.4.jar:/Users/mohan/.m2/repository/org/checkerframework/checker-qual/3.42.0/checker-qual-3.42.0.jar:/Users/mohan/.m2/repository/org/springframework/boot/spring-boot-configuration-processor/3.4.0/spring-boot-configuration-processor-3.4.0.jar:/Users/mohan/.m2/repository/org/projectlombok/lombok/1.18.36/lombok-1.18.36.jar:/Users/mohan/.m2/repository/org/springframework/boot/spring-boot-starter-test/3.4.0/spring-boot-starter-test-3.4.0.jar:/Users/mohan/.m2/repository/org/springframework/boot/spring-boot-test/3.4.0/spring-boot-test-3.4.0.jar:/Users/mohan/.m2/repository/org/springframework/boot/spring-boot-test-autoconfigure/3.4.0/spring-boot-test-autoconfigure-3.4.0.jar:/Users/mohan/.m2/repository/com/jayway/jsonpath/json-path/2.9.0/json-path-2.9.0.jar:/Users/mohan/.m2/repository/jakarta/xml/bind/jakarta.xml.bind-api/4.0.2/jakarta.xml.bind-api-4.0.2.jar:/Users/mohan/.m2/repository/jakarta/activation/jakarta.activation-api/2.1.3/jakarta.activation-api-2.1.3.jar:/Users/mohan/.m2/repository/net/minidev/json-smart/2.5.1/json-smart-2.5.1.jar:/Users/mohan/.m2/repository/net/minidev/accessors-smart/2.5.1/accessors-smart-2.5.1.jar:/Users/mohan/.m2/repository/org/ow2/asm/asm/9.6/asm-9.6.jar:/Users/mohan/.m2/repository/org/assertj/assertj-core/3.26.3/assertj-core-3.26.3.jar:/Users/mohan/.m2/repository/org/awaitility/awaitility/4.2.2/awaitility-4.2.2.jar:/Users/mohan/.m2/repository/org/hamcrest/hamcrest/2.2/hamcrest-2.2.jar:/Users/mohan/.m2/repository/org/junit/jupiter/junit-jupiter/5.11.3/junit-jupiter-5.11.3.jar:/Users/mohan/.m2/repository/org/junit/jupiter/junit-jupiter-api/5.11.3/junit-jupiter-api-5.11.3.jar:/Users/mohan/.m2/repository/org/opentest4j/opentest4j/1.3.0/opentest4j-1.3.0.jar:/Users/mohan/.m2/repository/org/junit/platform/junit-platform-commons/1.11.3/junit-platform-commons-1.11.3.jar:/Users/mohan/.m2/repository/org/apiguardian/apiguardian-api/1.1.2/apiguardian-api-1.1.2.jar:/Users/mohan/.m2/repository/org/junit/jupiter/junit-jupiter-params/5.11.3/junit-jupiter-params-5.11.3.jar:/Users/mohan/.m2/repository/org/junit/jupiter/junit-jupiter-engine/5.11.3/junit-jupiter-engine-5.11.3.jar:/Users/mohan/.m2/repository/org/junit/platform/junit-platform-engine/1.11.3/junit-platform-engine-1.11.3.jar:/Users/mohan/.m2/repository/org/mockito/mockito-core/5.14.2/mockito-core-5.14.2.jar:/Users/mohan/.m2/repository/net/bytebuddy/byte-buddy-agent/1.15.10/byte-buddy-agent-1.15.10.jar:/Users/mohan/.m2/repository/org/objenesis/objenesis/3.3/objenesis-3.3.jar:/Users/mohan/.m2/repository/org/mockito/mockito-junit-jupiter/5.14.2/mockito-junit-jupiter-5.14.2.jar:/Users/mohan/.m2/repository/org/skyscreamer/jsonassert/1.5.3/jsonassert-1.5.3.jar:/Users/mohan/.m2/repository/com/vaadin/external/google/android-json/0.0.20131108.vaadin1/android-json-0.0.20131108.vaadin1.jar:/Users/mohan/.m2/repository/org/springframework/spring-core/6.2.0/spring-core-6.2.0.jar:/Users/mohan/.m2/repository/org/springframework/spring-jcl/6.2.0/spring-jcl-6.2.0.jar:/Users/mohan/.m2/repository/org/springframework/spring-test/6.2.0/spring-test-6.2.0.jar:/Users/mohan/.m2/repository/org/xmlunit/xmlunit-core/2.10.0/xmlunit-core-2.10.0.jar:/Users/mohan/.m2/repository/org/springframework/boot/spring-boot-testcontainers/3.4.0/spring-boot-testcontainers-3.4.0.jar:/Users/mohan/.m2/repository/org/testcontainers/testcontainers/1.20.4/testcontainers-1.20.4.jar:/Users/mohan/.m2/repository/junit/junit/4.13.2/junit-4.13.2.jar:/Users/mohan/.m2/repository/org/hamcrest/hamcrest-core/2.2/hamcrest-core-2.2.jar:/Users/mohan/.m2/repository/org/apache/commons/commons-compress/1.24.0/commons-compress-1.24.0.jar:/Users/mohan/.m2/repository/org/rnorth/duct-tape/duct-tape/1.0.8/duct-tape-1.0.8.jar:/Users/mohan/.m2/repository/org/jetbrains/annotations/17.0.0/annotations-17.0.0.jar:/Users/mohan/.m2/repository/com/github/docker-java/docker-java-api/3.4.0/docker-java-api-3.4.0.jar:/Users/mohan/.m2/repository/com/github/docker-java/docker-java-transport-zerodep/3.4.0/docker-java-transport-zerodep-3.4.0.jar:/Users/mohan/.m2/repository/com/github/docker-java/docker-java-transport/3.4.0/docker-java-transport-3.4.0.jar:/Users/mohan/.m2/repository/net/java/dev/jna/jna/5.13.0/jna-5.13.0.jar:/Users/mohan/.m2/repository/org/testcontainers/junit-jupiter/1.20.4/junit-jupiter-1.20.4.jar:/Users/mohan/.m2/repository/org/testcontainers/postgresql/1.20.4/postgresql-1.20.4.jar:/Users/mohan/.m2/repository/org/testcontainers/jdbc/1.20.4/jdbc-1.20.4.jar:/Users/mohan/.m2/repository/org/testcontainers/database-commons/1.20.4/database-commons-1.20.4.jar:"/>
    <property name="java.vm.vendor" value="Oracle Corporation"/>
    <property name="sun.arch.data.model" value="64"/>
    <property name="catalina.useNaming" value="false"/>
    <property name="java.vendor.url" value="https://java.oracle.com/"/>
    <property name="user.timezone" value="Europe/London"/>
    <property name="org.jboss.logging.provider" value="slf4j"/>
    <property name="os.name" value="Mac OS X"/>
    <property name="java.vm.specification.version" value="23"/>
    <property name="APPLICATION_NAME" value="bookmarks-api-backend"/>
    <property name="sun.java.launcher" value="SUN_STANDARD"/>
    <property name="user.country" value="IN"/>
    <property name="sun.boot.library.path" value="/Library/Java/JavaVirtualMachines/jdk-23.jdk/Contents/Home/lib"/>
    <property name="sun.java.command" value="/Users/mohan/Desktop/software_development/backend/bookmarks-api-backend/target/surefire/surefirebooter-20241218171203363_3.jar /Users/mohan/Desktop/software_development/backend/bookmarks-api-backend/target/surefire 2024-12-18T17-12-03_322-jvmRun1 surefire-20241218171203363_1tmp surefire_0-20241218171203363_2tmp"/>
    <property name="http.nonProxyHosts" value="local|*.local|169.254/16|*.169.254/16"/>
    <property name="jdk.debug" value="release"/>
    <property name="surefire.test.class.path" value="/Users/mohan/Desktop/software_development/backend/bookmarks-api-backend/target/test-classes:/Users/mohan/Desktop/software_development/backend/bookmarks-api-backend/target/classes:/Users/mohan/.m2/repository/org/springframework/boot/spring-boot-starter-actuator/3.4.0/spring-boot-starter-actuator-3.4.0.jar:/Users/mohan/.m2/repository/org/springframework/boot/spring-boot-starter/3.4.0/spring-boot-starter-3.4.0.jar:/Users/mohan/.m2/repository/org/springframework/boot/spring-boot-starter-logging/3.4.0/spring-boot-starter-logging-3.4.0.jar:/Users/mohan/.m2/repository/ch/qos/logback/logback-classic/1.5.12/logback-classic-1.5.12.jar:/Users/mohan/.m2/repository/ch/qos/logback/logback-core/1.5.12/logback-core-1.5.12.jar:/Users/mohan/.m2/repository/org/apache/logging/log4j/log4j-to-slf4j/2.24.1/log4j-to-slf4j-2.24.1.jar:/Users/mohan/.m2/repository/org/apache/logging/log4j/log4j-api/2.24.1/log4j-api-2.24.1.jar:/Users/mohan/.m2/repository/org/slf4j/jul-to-slf4j/2.0.16/jul-to-slf4j-2.0.16.jar:/Users/mohan/.m2/repository/jakarta/annotation/jakarta.annotation-api/2.1.1/jakarta.annotation-api-2.1.1.jar:/Users/mohan/.m2/repository/org/yaml/snakeyaml/2.3/snakeyaml-2.3.jar:/Users/mohan/.m2/repository/org/springframework/boot/spring-boot-actuator-autoconfigure/3.4.0/spring-boot-actuator-autoconfigure-3.4.0.jar:/Users/mohan/.m2/repository/org/springframework/boot/spring-boot-actuator/3.4.0/spring-boot-actuator-3.4.0.jar:/Users/mohan/.m2/repository/com/fasterxml/jackson/core/jackson-databind/2.18.1/jackson-databind-2.18.1.jar:/Users/mohan/.m2/repository/io/micrometer/micrometer-observation/1.14.1/micrometer-observation-1.14.1.jar:/Users/mohan/.m2/repository/io/micrometer/micrometer-commons/1.14.1/micrometer-commons-1.14.1.jar:/Users/mohan/.m2/repository/io/micrometer/micrometer-jakarta9/1.14.1/micrometer-jakarta9-1.14.1.jar:/Users/mohan/.m2/repository/io/micrometer/micrometer-core/1.14.1/micrometer-core-1.14.1.jar:/Users/mohan/.m2/repository/org/hdrhistogram/HdrHistogram/2.2.2/HdrHistogram-2.2.2.jar:/Users/mohan/.m2/repository/org/latencyutils/LatencyUtils/2.0.3/LatencyUtils-2.0.3.jar:/Users/mohan/.m2/repository/org/springframework/boot/spring-boot-starter-data-jpa/3.4.0/spring-boot-starter-data-jpa-3.4.0.jar:/Users/mohan/.m2/repository/org/springframework/boot/spring-boot-starter-jdbc/3.4.0/spring-boot-starter-jdbc-3.4.0.jar:/Users/mohan/.m2/repository/com/zaxxer/HikariCP/5.1.0/HikariCP-5.1.0.jar:/Users/mohan/.m2/repository/org/springframework/spring-jdbc/6.2.0/spring-jdbc-6.2.0.jar:/Users/mohan/.m2/repository/org/hibernate/orm/hibernate-core/6.6.2.Final/hibernate-core-6.6.2.Final.jar:/Users/mohan/.m2/repository/jakarta/persistence/jakarta.persistence-api/3.1.0/jakarta.persistence-api-3.1.0.jar:/Users/mohan/.m2/repository/jakarta/transaction/jakarta.transaction-api/2.0.1/jakarta.transaction-api-2.0.1.jar:/Users/mohan/.m2/repository/org/jboss/logging/jboss-logging/3.6.1.Final/jboss-logging-3.6.1.Final.jar:/Users/mohan/.m2/repository/org/hibernate/common/hibernate-commons-annotations/7.0.3.Final/hibernate-commons-annotations-7.0.3.Final.jar:/Users/mohan/.m2/repository/io/smallrye/jandex/3.2.0/jandex-3.2.0.jar:/Users/mohan/.m2/repository/com/fasterxml/classmate/1.7.0/classmate-1.7.0.jar:/Users/mohan/.m2/repository/net/bytebuddy/byte-buddy/1.15.10/byte-buddy-1.15.10.jar:/Users/mohan/.m2/repository/org/glassfish/jaxb/jaxb-runtime/4.0.5/jaxb-runtime-4.0.5.jar:/Users/mohan/.m2/repository/org/glassfish/jaxb/jaxb-core/4.0.5/jaxb-core-4.0.5.jar:/Users/mohan/.m2/repository/org/eclipse/angus/angus-activation/2.0.2/angus-activation-2.0.2.jar:/Users/mohan/.m2/repository/org/glassfish/jaxb/txw2/4.0.5/txw2-4.0.5.jar:/Users/mohan/.m2/repository/com/sun/istack/istack-commons-runtime/4.1.2/istack-commons-runtime-4.1.2.jar:/Users/mohan/.m2/repository/jakarta/inject/jakarta.inject-api/2.0.1/jakarta.inject-api-2.0.1.jar:/Users/mohan/.m2/repository/org/antlr/antlr4-runtime/4.13.0/antlr4-runtime-4.13.0.jar:/Users/mohan/.m2/repository/org/springframework/data/spring-data-jpa/3.4.0/spring-data-jpa-3.4.0.jar:/Users/mohan/.m2/repository/org/springframework/data/spring-data-commons/3.4.0/spring-data-commons-3.4.0.jar:/Users/mohan/.m2/repository/org/springframework/spring-orm/6.2.0/spring-orm-6.2.0.jar:/Users/mohan/.m2/repository/org/springframework/spring-context/6.2.0/spring-context-6.2.0.jar:/Users/mohan/.m2/repository/org/springframework/spring-aop/6.2.0/spring-aop-6.2.0.jar:/Users/mohan/.m2/repository/org/springframework/spring-tx/6.2.0/spring-tx-6.2.0.jar:/Users/mohan/.m2/repository/org/springframework/spring-beans/6.2.0/spring-beans-6.2.0.jar:/Users/mohan/.m2/repository/org/slf4j/slf4j-api/2.0.16/slf4j-api-2.0.16.jar:/Users/mohan/.m2/repository/org/springframework/spring-aspects/6.2.0/spring-aspects-6.2.0.jar:/Users/mohan/.m2/repository/org/aspectj/aspectjweaver/1.9.22.1/aspectjweaver-1.9.22.1.jar:/Users/mohan/.m2/repository/org/springframework/boot/spring-boot-starter-validation/3.4.0/spring-boot-starter-validation-3.4.0.jar:/Users/mohan/.m2/repository/org/apache/tomcat/embed/tomcat-embed-el/10.1.33/tomcat-embed-el-10.1.33.jar:/Users/mohan/.m2/repository/org/hibernate/validator/hibernate-validator/8.0.1.Final/hibernate-validator-8.0.1.Final.jar:/Users/mohan/.m2/repository/jakarta/validation/jakarta.validation-api/3.0.2/jakarta.validation-api-3.0.2.jar:/Users/mohan/.m2/repository/org/springframework/boot/spring-boot-starter-web/3.4.0/spring-boot-starter-web-3.4.0.jar:/Users/mohan/.m2/repository/org/springframework/boot/spring-boot-starter-json/3.4.0/spring-boot-starter-json-3.4.0.jar:/Users/mohan/.m2/repository/com/fasterxml/jackson/datatype/jackson-datatype-jdk8/2.18.1/jackson-datatype-jdk8-2.18.1.jar:/Users/mohan/.m2/repository/com/fasterxml/jackson/module/jackson-module-parameter-names/2.18.1/jackson-module-parameter-names-2.18.1.jar:/Users/mohan/.m2/repository/org/springframework/boot/spring-boot-starter-tomcat/3.4.0/spring-boot-starter-tomcat-3.4.0.jar:/Users/mohan/.m2/repository/org/apache/tomcat/embed/tomcat-embed-core/10.1.33/tomcat-embed-core-10.1.33.jar:/Users/mohan/.m2/repository/org/apache/tomcat/embed/tomcat-embed-websocket/10.1.33/tomcat-embed-websocket-10.1.33.jar:/Users/mohan/.m2/repository/org/springframework/spring-web/6.2.0/spring-web-6.2.0.jar:/Users/mohan/.m2/repository/org/springframework/spring-webmvc/6.2.0/spring-webmvc-6.2.0.jar:/Users/mohan/.m2/repository/org/springframework/spring-expression/6.2.0/spring-expression-6.2.0.jar:/Users/mohan/.m2/repository/org/flywaydb/flyway-core/10.20.1/flyway-core-10.20.1.jar:/Users/mohan/.m2/repository/com/fasterxml/jackson/dataformat/jackson-dataformat-toml/2.18.1/jackson-dataformat-toml-2.18.1.jar:/Users/mohan/.m2/repository/com/fasterxml/jackson/core/jackson-core/2.18.1/jackson-core-2.18.1.jar:/Users/mohan/.m2/repository/com/fasterxml/jackson/datatype/jackson-datatype-jsr310/2.18.1/jackson-datatype-jsr310-2.18.1.jar:/Users/mohan/.m2/repository/com/fasterxml/jackson/core/jackson-annotations/2.18.1/jackson-annotations-2.18.1.jar:/Users/mohan/.m2/repository/org/flywaydb/flyway-database-postgresql/10.20.1/flyway-database-postgresql-10.20.1.jar:/Users/mohan/.m2/repository/org/springframework/boot/spring-boot-devtools/3.4.0/spring-boot-devtools-3.4.0.jar:/Users/mohan/.m2/repository/org/springframework/boot/spring-boot/3.4.0/spring-boot-3.4.0.jar:/Users/mohan/.m2/repository/org/springframework/boot/spring-boot-autoconfigure/3.4.0/spring-boot-autoconfigure-3.4.0.jar:/Users/mohan/.m2/repository/com/h2database/h2/2.3.232/h2-2.3.232.jar:/Users/mohan/.m2/repository/org/postgresql/postgresql/42.7.4/postgresql-42.7.4.jar:/Users/mohan/.m2/repository/org/checkerframework/checker-qual/3.42.0/checker-qual-3.42.0.jar:/Users/mohan/.m2/repository/org/springframework/boot/spring-boot-configuration-processor/3.4.0/spring-boot-configuration-processor-3.4.0.jar:/Users/mohan/.m2/repository/org/projectlombok/lombok/1.18.36/lombok-1.18.36.jar:/Users/mohan/.m2/repository/org/springframework/boot/spring-boot-starter-test/3.4.0/spring-boot-starter-test-3.4.0.jar:/Users/mohan/.m2/repository/org/springframework/boot/spring-boot-test/3.4.0/spring-boot-test-3.4.0.jar:/Users/mohan/.m2/repository/org/springframework/boot/spring-boot-test-autoconfigure/3.4.0/spring-boot-test-autoconfigure-3.4.0.jar:/Users/mohan/.m2/repository/com/jayway/jsonpath/json-path/2.9.0/json-path-2.9.0.jar:/Users/mohan/.m2/repository/jakarta/xml/bind/jakarta.xml.bind-api/4.0.2/jakarta.xml.bind-api-4.0.2.jar:/Users/mohan/.m2/repository/jakarta/activation/jakarta.activation-api/2.1.3/jakarta.activation-api-2.1.3.jar:/Users/mohan/.m2/repository/net/minidev/json-smart/2.5.1/json-smart-2.5.1.jar:/Users/mohan/.m2/repository/net/minidev/accessors-smart/2.5.1/accessors-smart-2.5.1.jar:/Users/mohan/.m2/repository/org/ow2/asm/asm/9.6/asm-9.6.jar:/Users/mohan/.m2/repository/org/assertj/assertj-core/3.26.3/assertj-core-3.26.3.jar:/Users/mohan/.m2/repository/org/awaitility/awaitility/4.2.2/awaitility-4.2.2.jar:/Users/mohan/.m2/repository/org/hamcrest/hamcrest/2.2/hamcrest-2.2.jar:/Users/mohan/.m2/repository/org/junit/jupiter/junit-jupiter/5.11.3/junit-jupiter-5.11.3.jar:/Users/mohan/.m2/repository/org/junit/jupiter/junit-jupiter-api/5.11.3/junit-jupiter-api-5.11.3.jar:/Users/mohan/.m2/repository/org/opentest4j/opentest4j/1.3.0/opentest4j-1.3.0.jar:/Users/mohan/.m2/repository/org/junit/platform/junit-platform-commons/1.11.3/junit-platform-commons-1.11.3.jar:/Users/mohan/.m2/repository/org/apiguardian/apiguardian-api/1.1.2/apiguardian-api-1.1.2.jar:/Users/mohan/.m2/repository/org/junit/jupiter/junit-jupiter-params/5.11.3/junit-jupiter-params-5.11.3.jar:/Users/mohan/.m2/repository/org/junit/jupiter/junit-jupiter-engine/5.11.3/junit-jupiter-engine-5.11.3.jar:/Users/mohan/.m2/repository/org/junit/platform/junit-platform-engine/1.11.3/junit-platform-engine-1.11.3.jar:/Users/mohan/.m2/repository/org/mockito/mockito-core/5.14.2/mockito-core-5.14.2.jar:/Users/mohan/.m2/repository/net/bytebuddy/byte-buddy-agent/1.15.10/byte-buddy-agent-1.15.10.jar:/Users/mohan/.m2/repository/org/objenesis/objenesis/3.3/objenesis-3.3.jar:/Users/mohan/.m2/repository/org/mockito/mockito-junit-jupiter/5.14.2/mockito-junit-jupiter-5.14.2.jar:/Users/mohan/.m2/repository/org/skyscreamer/jsonassert/1.5.3/jsonassert-1.5.3.jar:/Users/mohan/.m2/repository/com/vaadin/external/google/android-json/0.0.20131108.vaadin1/android-json-0.0.20131108.vaadin1.jar:/Users/mohan/.m2/repository/org/springframework/spring-core/6.2.0/spring-core-6.2.0.jar:/Users/mohan/.m2/repository/org/springframework/spring-jcl/6.2.0/spring-jcl-6.2.0.jar:/Users/mohan/.m2/repository/org/springframework/spring-test/6.2.0/spring-test-6.2.0.jar:/Users/mohan/.m2/repository/org/xmlunit/xmlunit-core/2.10.0/xmlunit-core-2.10.0.jar:/Users/mohan/.m2/repository/org/springframework/boot/spring-boot-testcontainers/3.4.0/spring-boot-testcontainers-3.4.0.jar:/Users/mohan/.m2/repository/org/testcontainers/testcontainers/1.20.4/testcontainers-1.20.4.jar:/Users/mohan/.m2/repository/junit/junit/4.13.2/junit-4.13.2.jar:/Users/mohan/.m2/repository/org/hamcrest/hamcrest-core/2.2/hamcrest-core-2.2.jar:/Users/mohan/.m2/repository/org/apache/commons/commons-compress/1.24.0/commons-compress-1.24.0.jar:/Users/mohan/.m2/repository/org/rnorth/duct-tape/duct-tape/1.0.8/duct-tape-1.0.8.jar:/Users/mohan/.m2/repository/org/jetbrains/annotations/17.0.0/annotations-17.0.0.jar:/Users/mohan/.m2/repository/com/github/docker-java/docker-java-api/3.4.0/docker-java-api-3.4.0.jar:/Users/mohan/.m2/repository/com/github/docker-java/docker-java-transport-zerodep/3.4.0/docker-java-transport-zerodep-3.4.0.jar:/Users/mohan/.m2/repository/com/github/docker-java/docker-java-transport/3.4.0/docker-java-transport-3.4.0.jar:/Users/mohan/.m2/repository/net/java/dev/jna/jna/5.13.0/jna-5.13.0.jar:/Users/mohan/.m2/repository/org/testcontainers/junit-jupiter/1.20.4/junit-jupiter-1.20.4.jar:/Users/mohan/.m2/repository/org/testcontainers/postgresql/1.20.4/postgresql-1.20.4.jar:/Users/mohan/.m2/repository/org/testcontainers/jdbc/1.20.4/jdbc-1.20.4.jar:/Users/mohan/.m2/repository/org/testcontainers/database-commons/1.20.4/database-commons-1.20.4.jar:"/>
    <property name="sun.cpu.endian" value="little"/>
    <property name="user.home" value="/Users/mohan"/>
    <property name="user.language" value="en"/>
    <property name="java.specification.vendor" value="Oracle Corporation"/>
    <property name="java.version.date" value="2024-10-15"/>
    <property name="java.home" value="/Library/Java/JavaVirtualMachines/jdk-23.jdk/Contents/Home"/>
    <property name="file.separator" value="/"/>
    <property name="basedir" value="/Users/mohan/Desktop/software_development/backend/bookmarks-api-backend"/>
    <property name="java.vm.compressedOopsMode" value="Zero based"/>
    <property name="line.separator" value="&#10;"/>
    <property name="java.vm.specification.vendor" value="Oracle Corporation"/>
    <property name="java.specification.name" value="Java Platform API Specification"/>
    <property name="FILE_LOG_CHARSET" value="UTF-8"/>
    <property name="java.awt.headless" value="true"/>
    <property name="apple.awt.application.name" value="ForkedBooter"/>
    <property name="surefire.real.class.path" value="/Users/mohan/Desktop/software_development/backend/bookmarks-api-backend/target/surefire/surefirebooter-20241218171203363_3.jar"/>
    <property name="polyglot.engine.WarnInterpreterOnly" value="false"/>
    <property name="sun.management.compiler" value="HotSpot 64-Bit Tiered Compilers"/>
    <property name="ftp.nonProxyHosts" value="local|*.local|169.254/16|*.169.254/16"/>
    <property name="java.runtime.version" value="23.0.1+11-39"/>
    <property name="user.name" value="mohan"/>
    <property name="stdout.encoding" value="UTF-8"/>
    <property name="path.separator" value=":"/>
    <property name="os.version" value="14.3"/>
    <property name="java.runtime.name" value="Java(TM) SE Runtime Environment"/>
    <property name="file.encoding" value="UTF-8"/>
    <property name="java.vm.name" value="Java HotSpot(TM) 64-Bit Server VM"/>
    <property name="localRepository" value="/Users/mohan/.m2/repository"/>
    <property name="java.vendor.url.bug" value="https://bugreport.java.com/bugreport/"/>
    <property name="java.io.tmpdir" value="/var/folders/17/bxmwwnys0q977kylk6ldm2k80000gn/T/"/>
    <property name="catalina.home" value="/private/var/folders/17/bxmwwnys0q977kylk6ldm2k80000gn/T/tomcat.0.664512091677720228"/>
    <property name="com.zaxxer.hikari.pool_number" value="1"/>
    <property name="java.version" value="23.0.1"/>
    <property name="user.dir" value="/Users/mohan/Desktop/software_development/backend/bookmarks-api-backend"/>
    <property name="os.arch" value="aarch64"/>
    <property name="java.vm.specification.name" value="Java Virtual Machine Specification"/>
    <property name="PID" value="11769"/>
    <property name="CONSOLE_LOG_CHARSET" value="UTF-8"/>
    <property name="catalina.base" value="/private/var/folders/17/bxmwwnys0q977kylk6ldm2k80000gn/T/tomcat.0.664512091677720228"/>
    <property name="native.encoding" value="UTF-8"/>
    <property name="java.library.path" value="/Users/mohan/Library/Java/Extensions:/Library/Java/Extensions:/Network/Library/Java/Extensions:/System/Library/Java/Extensions:/usr/lib/java:."/>
    <property name="java.vm.info" value="mixed mode, sharing"/>
    <property name="stderr.encoding" value="UTF-8"/>
    <property name="java.vendor" value="Oracle Corporation"/>
    <property name="java.vm.version" value="23.0.1+11-39"/>
    <property name="sun.io.unicode.encoding" value="UnicodeBig"/>
    <property name="socksNonProxyHosts" value="local|*.local|169.254/16|*.169.254/16"/>
    <property name="java.class.version" value="67.0"/>
    <property name="LOGGED_APPLICATION_NAME" value="[bookmarks-api-backend] "/>
  </properties>
  <testcase name="shouldGetStatusCode200ForGetAllBookmarksAndMatchesTotalElementsAndPages(int, int, int, boolean, boolean)[1]" classname="com.mohan.bookmarks_api_backend.controller.BookmarkControllerTest" time="0.465">
    <system-out><![CDATA[17:12:03.722 [main] INFO org.springframework.test.context.support.AnnotationConfigContextLoaderUtils -- Could not detect default configuration classes for test class [com.mohan.bookmarks_api_backend.controller.BookmarkControllerTest]: BookmarkControllerTest does not declare any static, non-private, non-final, nested classes annotated with @Configuration.
17:12:03.781 [main] INFO org.springframework.boot.test.context.SpringBootTestContextBootstrapper -- Found @SpringBootConfiguration com.mohan.bookmarks_api_backend.BookmarksApiBackendApplication for test class com.mohan.bookmarks_api_backend.controller.BookmarkControllerTest
17:12:03.844 [main] INFO org.springframework.boot.devtools.restart.RestartApplicationListener -- Restart disabled due to context in which it is running

  .   ____          _            __ _ _
 /\\ / ___'_ __ _ _(_)_ __  __ _ \ \ \ \
( ( )\___ | '_ | '_| | '_ \/ _` | \ \ \ \
 \\/  ___)| |_)| | | | | || (_| |  ) ) ) )
  '  |____| .__|_| |_|_| |_\__, | / / / /
 =========|_|==============|___/=/_/_/_/

 :: Spring Boot ::                (v3.4.0)

2024-12-18T17:12:03.931Z  INFO 11769 --- [bookmarks-api-backend] [           main] c.m.b.controller.BookmarkControllerTest  : Starting BookmarkControllerTest using Java 23.0.1 with PID 11769 (started by mohan in /Users/mohan/Desktop/software_development/backend/bookmarks-api-backend)
2024-12-18T17:12:03.931Z  INFO 11769 --- [bookmarks-api-backend] [           main] c.m.b.controller.BookmarkControllerTest  : No active profile set, falling back to 1 default profile: "default"
2024-12-18T17:12:04.251Z  INFO 11769 --- [bookmarks-api-backend] [           main] .s.d.r.c.RepositoryConfigurationDelegate : Bootstrapping Spring Data JPA repositories in DEFAULT mode.
2024-12-18T17:12:04.268Z  INFO 11769 --- [bookmarks-api-backend] [           main] .s.d.r.c.RepositoryConfigurationDelegate : Finished Spring Data repository scanning in 13 ms. Found 1 JPA repository interface.
2024-12-18T17:12:04.535Z  INFO 11769 --- [bookmarks-api-backend] [           main] o.s.b.w.embedded.tomcat.TomcatWebServer  : Tomcat initialized with port 0 (http)
2024-12-18T17:12:04.542Z  INFO 11769 --- [bookmarks-api-backend] [           main] o.apache.catalina.core.StandardService   : Starting service [Tomcat]
2024-12-18T17:12:04.542Z  INFO 11769 --- [bookmarks-api-backend] [           main] o.apache.catalina.core.StandardEngine    : Starting Servlet engine: [Apache Tomcat/10.1.33]
2024-12-18T17:12:04.560Z  INFO 11769 --- [bookmarks-api-backend] [           main] o.a.c.c.C.[Tomcat].[localhost].[/]       : Initializing Spring embedded WebApplicationContext
2024-12-18T17:12:04.560Z  INFO 11769 --- [bookmarks-api-backend] [           main] w.s.c.ServletWebServerApplicationContext : Root WebApplicationContext: initialization completed in 625 ms
2024-12-18T17:12:04.661Z  INFO 11769 --- [bookmarks-api-backend] [           main] com.zaxxer.hikari.HikariDataSource       : HikariPool-1 - Starting...
2024-12-18T17:12:04.678Z  INFO 11769 --- [bookmarks-api-backend] [           main] org.testcontainers.images.PullPolicy     : Image pull policy will be performed by: DefaultPullPolicy()
2024-12-18T17:12:04.679Z  INFO 11769 --- [bookmarks-api-backend] [           main] o.t.utility.ImageNameSubstitutor         : Image name substitution will be performed by: DefaultImageNameSubstitutor (composite of 'ConfigurationFileImageNameSubstitutor' and 'PrefixingImageNameSubstitutor')
2024-12-18T17:12:04.682Z  INFO 11769 --- [bookmarks-api-backend] [           main] org.testcontainers.DockerClientFactory   : Testcontainers version: 1.20.4
2024-12-18T17:12:04.854Z  INFO 11769 --- [bookmarks-api-backend] [           main] o.t.d.DockerClientProviderStrategy       : Found Docker environment with Docker accessed via Unix socket (/Users/mohan/.docker/run/docker.sock)
2024-12-18T17:12:04.855Z  INFO 11769 --- [bookmarks-api-backend] [           main] org.testcontainers.DockerClientFactory   : Docker host IP address is localhost
2024-12-18T17:12:04.869Z  INFO 11769 --- [bookmarks-api-backend] [           main] org.testcontainers.DockerClientFactory   : Connected to docker: 
  Server Version: 27.3.1
  API Version: 1.47
  Operating System: Docker Desktop
  Total Memory: 3919 MB
  Labels: 
    com.docker.desktop.address=unix:///Users/mohan/Library/Containers/com.docker.docker/Data/docker-cli.sock
2024-12-18T17:12:04.986Z  INFO 11769 --- [bookmarks-api-backend] [           main] tc.testcontainers/ryuk:0.11.0            : Creating container for image: testcontainers/ryuk:0.11.0
2024-12-18T17:12:05.148Z  INFO 11769 --- [bookmarks-api-backend] [           main] tc.testcontainers/ryuk:0.11.0            : Container testcontainers/ryuk:0.11.0 is starting: 4ab691d43366546a359e79cd4d750708ada0a4aadae71ff09387e2b3b96b93ac
2024-12-18T17:12:05.381Z  INFO 11769 --- [bookmarks-api-backend] [           main] tc.testcontainers/ryuk:0.11.0            : Container testcontainers/ryuk:0.11.0 started in PT0.394613S
2024-12-18T17:12:05.384Z  INFO 11769 --- [bookmarks-api-backend] [           main] o.t.utility.RyukResourceReaper           : Ryuk started - will monitor and terminate Testcontainers containers on JVM exit
2024-12-18T17:12:05.385Z  INFO 11769 --- [bookmarks-api-backend] [           main] org.testcontainers.DockerClientFactory   : Checking the system...
2024-12-18T17:12:05.385Z  INFO 11769 --- [bookmarks-api-backend] [           main] org.testcontainers.DockerClientFactory   : ✔︎ Docker server version should be at least 1.6.0
2024-12-18T17:12:05.385Z  INFO 11769 --- [bookmarks-api-backend] [           main] tc.postgres:16-alpine                    : Creating container for image: postgres:16-alpine
2024-12-18T17:12:05.418Z  INFO 11769 --- [bookmarks-api-backend] [           main] tc.postgres:16-alpine                    : Container postgres:16-alpine is starting: 84c41f3eb12c989e62662a440e31bca0a3d42b23bc4653bac24a57db773e68b2
2024-12-18T17:12:06.175Z  INFO 11769 --- [bookmarks-api-backend] [           main] tc.postgres:16-alpine                    : Container postgres:16-alpine started in PT0.789623S
2024-12-18T17:12:06.176Z  INFO 11769 --- [bookmarks-api-backend] [           main] tc.postgres:16-alpine                    : Container is started (JDBC URL: jdbc:postgresql://localhost:52896/test?loggerLevel=OFF)
2024-12-18T17:12:06.294Z  INFO 11769 --- [bookmarks-api-backend] [           main] com.zaxxer.hikari.pool.HikariPool        : HikariPool-1 - Added connection org.testcontainers.jdbc.ConnectionWrapper@66d61298
2024-12-18T17:12:06.295Z  INFO 11769 --- [bookmarks-api-backend] [           main] com.zaxxer.hikari.HikariDataSource       : HikariPool-1 - Start completed.
2024-12-18T17:12:06.403Z  INFO 11769 --- [bookmarks-api-backend] [           main] org.flywaydb.core.FlywayExecutor         : Database: jdbc:postgresql://localhost:52896/test?loggerLevel=OFF (PostgreSQL 16.6)
2024-12-18T17:12:06.416Z  INFO 11769 --- [bookmarks-api-backend] [           main] o.f.c.i.s.JdbcTableSchemaHistory         : Schema history table "public"."flyway_schema_history" does not exist yet
2024-12-18T17:12:06.417Z  INFO 11769 --- [bookmarks-api-backend] [           main] o.f.core.internal.command.DbValidate     : Successfully validated 0 migrations (execution time 00:00.003s)
2024-12-18T17:12:06.417Z  WARN 11769 --- [bookmarks-api-backend] [           main] o.f.core.internal.command.DbValidate     : No migrations found. Are your locations set up correctly?
2024-12-18T17:12:06.424Z  INFO 11769 --- [bookmarks-api-backend] [           main] o.f.c.i.s.JdbcTableSchemaHistory         : Creating Schema History table "public"."flyway_schema_history" ...
2024-12-18T17:12:06.444Z  INFO 11769 --- [bookmarks-api-backend] [           main] o.f.core.internal.command.DbMigrate      : Current version of schema "public": << Empty Schema >>
2024-12-18T17:12:06.445Z  INFO 11769 --- [bookmarks-api-backend] [           main] o.f.core.internal.command.DbMigrate      : Schema "public" is up to date. No migration necessary.
2024-12-18T17:12:06.480Z  INFO 11769 --- [bookmarks-api-backend] [           main] o.hibernate.jpa.internal.util.LogHelper  : HHH000204: Processing PersistenceUnitInfo [name: default]
2024-12-18T17:12:06.496Z  INFO 11769 --- [bookmarks-api-backend] [           main] org.hibernate.Version                    : HHH000412: Hibernate ORM core version 6.6.2.Final
2024-12-18T17:12:06.507Z  INFO 11769 --- [bookmarks-api-backend] [           main] o.h.c.internal.RegionFactoryInitiator    : HHH000026: Second-level cache disabled
2024-12-18T17:12:06.605Z  INFO 11769 --- [bookmarks-api-backend] [           main] o.s.o.j.p.SpringPersistenceUnitInfo      : No LoadTimeWeaver setup: ignoring JPA class transformer
2024-12-18T17:12:06.635Z  INFO 11769 --- [bookmarks-api-backend] [           main] org.hibernate.orm.connections.pooling    : HHH10001005: Database info:
	Database JDBC URL [Connecting through datasource 'HikariDataSource (HikariPool-1)']
	Database driver: undefined/unknown
	Database version: 16.6
	Autocommit mode: undefined/unknown
	Isolation level: undefined/unknown
	Minimum pool size: undefined/unknown
	Maximum pool size: undefined/unknown
2024-12-18T17:12:06.899Z  INFO 11769 --- [bookmarks-api-backend] [           main] o.h.e.t.j.p.i.JtaPlatformInitiator       : HHH000489: No JTA platform available (set 'hibernate.transaction.jta.platform' to enable JTA platform integration)
Hibernate: create table bookmarks (id bigint not null, created_at timestamp(6) with time zone, title varchar(255) not null, url varchar(255) not null, primary key (id))
Hibernate: create sequence bm_id_seq start with 1 increment by 50
2024-12-18T17:12:06.936Z  INFO 11769 --- [bookmarks-api-backend] [           main] j.LocalContainerEntityManagerFactoryBean : Initialized JPA EntityManagerFactory for persistence unit 'default'
2024-12-18T17:12:07.058Z  WARN 11769 --- [bookmarks-api-backend] [           main] JpaBaseConfiguration$JpaWebConfiguration : spring.jpa.open-in-view is enabled by default. Therefore, database queries may be performed during view rendering. Explicitly configure spring.jpa.open-in-view to disable this warning
2024-12-18T17:12:07.274Z  INFO 11769 --- [bookmarks-api-backend] [           main] o.a.c.c.C.[Tomcat].[localhost].[/]       : Initializing Spring TestDispatcherServlet ''
2024-12-18T17:12:07.275Z  INFO 11769 --- [bookmarks-api-backend] [           main] o.s.t.web.servlet.TestDispatcherServlet  : Initializing Servlet ''
2024-12-18T17:12:07.278Z  INFO 11769 --- [bookmarks-api-backend] [           main] o.s.b.a.e.web.EndpointLinksResolver      : Exposing 1 endpoint beneath base path '/actuator'
2024-12-18T17:12:07.284Z  INFO 11769 --- [bookmarks-api-backend] [           main] o.s.t.web.servlet.TestDispatcherServlet  : Completed initialization in 9 ms
2024-12-18T17:12:07.373Z  INFO 11769 --- [bookmarks-api-backend] [           main] o.s.b.w.embedded.tomcat.TomcatWebServer  : Tomcat started on port 52907 (http) with context path '/'
2024-12-18T17:12:07.384Z  INFO 11769 --- [bookmarks-api-backend] [           main] c.m.b.controller.BookmarkControllerTest  : Started BookmarkControllerTest in 3.544 seconds (process running for 3.985)
Hibernate: delete from bookmarks b1_0
Hibernate: select nextval('bm_id_seq')
Hibernate: select nextval('bm_id_seq')
Hibernate: insert into bookmarks (created_at,title,url,id) values (?,?,?,?)
Hibernate: insert into bookmarks (created_at,title,url,id) values (?,?,?,?)
Hibernate: insert into bookmarks (created_at,title,url,id) values (?,?,?,?)
Hibernate: insert into bookmarks (created_at,title,url,id) values (?,?,?,?)
Hibernate: insert into bookmarks (created_at,title,url,id) values (?,?,?,?)
Hibernate: insert into bookmarks (created_at,title,url,id) values (?,?,?,?)
Hibernate: insert into bookmarks (created_at,title,url,id) values (?,?,?,?)
Hibernate: insert into bookmarks (created_at,title,url,id) values (?,?,?,?)
Hibernate: insert into bookmarks (created_at,title,url,id) values (?,?,?,?)
Hibernate: insert into bookmarks (created_at,title,url,id) values (?,?,?,?)
Hibernate: insert into bookmarks (created_at,title,url,id) values (?,?,?,?)
Hibernate: insert into bookmarks (created_at,title,url,id) values (?,?,?,?)
Hibernate: insert into bookmarks (created_at,title,url,id) values (?,?,?,?)
Hibernate: insert into bookmarks (created_at,title,url,id) values (?,?,?,?)
Hibernate: insert into bookmarks (created_at,title,url,id) values (?,?,?,?)
Hibernate: select b1_0.id,b1_0.created_at,b1_0.title,b1_0.url from bookmarks b1_0 order by b1_0.created_at desc offset ? rows fetch first ? rows only
Hibernate: select count(b1_0.id) from bookmarks b1_0
2024-12-18T17:12:07.857Z  WARN 11769 --- [bookmarks-api-backend] [           main] ration$PageModule$WarningLoggingModifier : Serializing PageImpl instances as-is is not supported, meaning that there is no guarantee about the stability of the resulting JSON structure!
	For a stable JSON structure, please use Spring Data's PagedModel (globally via @EnableSpringDataWebSupport(pageSerializationMode = VIA_DTO))
	or Spring HATEOAS and Spring Data's PagedResourcesAssembler as documented in https://docs.spring.io/spring-data/commons/reference/repositories/core-extensions.html#core.web.pageables.

]]></system-out>
    <system-err><![CDATA[Mockito is currently self-attaching to enable the inline-mock-maker. This will no longer work in future releases of the JDK. Please add Mockito as an agent to your build what is described in Mockito's documentation: https://javadoc.io/doc/org.mockito/mockito-core/latest/org/mockito/Mockito.html#0.3
WARNING: A Java agent has been loaded dynamically (/Users/mohan/.m2/repository/net/bytebuddy/byte-buddy-agent/1.15.10/byte-buddy-agent-1.15.10.jar)
WARNING: If a serviceability tool is in use, please run with -XX:+EnableDynamicAgentLoading to hide this warning
WARNING: If a serviceability tool is not in use, please run with -Djdk.instrument.traceUsage for more information
WARNING: Dynamic loading of agents will be disallowed by default in a future release
]]></system-err>
  </testcase>
  <testcase name="shouldGetStatusCode200ForGetAllBookmarksAndMatchesTotalElementsAndPages(int, int, int, boolean, boolean)[2]" classname="com.mohan.bookmarks_api_backend.controller.BookmarkControllerTest" time="0.02">
    <system-out><![CDATA[Hibernate: delete from bookmarks b1_0
Hibernate: insert into bookmarks (created_at,title,url,id) values (?,?,?,?)
Hibernate: insert into bookmarks (created_at,title,url,id) values (?,?,?,?)
Hibernate: insert into bookmarks (created_at,title,url,id) values (?,?,?,?)
Hibernate: insert into bookmarks (created_at,title,url,id) values (?,?,?,?)
Hibernate: insert into bookmarks (created_at,title,url,id) values (?,?,?,?)
Hibernate: insert into bookmarks (created_at,title,url,id) values (?,?,?,?)
Hibernate: insert into bookmarks (created_at,title,url,id) values (?,?,?,?)
Hibernate: insert into bookmarks (created_at,title,url,id) values (?,?,?,?)
Hibernate: insert into bookmarks (created_at,title,url,id) values (?,?,?,?)
Hibernate: insert into bookmarks (created_at,title,url,id) values (?,?,?,?)
Hibernate: insert into bookmarks (created_at,title,url,id) values (?,?,?,?)
Hibernate: insert into bookmarks (created_at,title,url,id) values (?,?,?,?)
Hibernate: insert into bookmarks (created_at,title,url,id) values (?,?,?,?)
Hibernate: insert into bookmarks (created_at,title,url,id) values (?,?,?,?)
Hibernate: insert into bookmarks (created_at,title,url,id) values (?,?,?,?)
Hibernate: select b1_0.id,b1_0.created_at,b1_0.title,b1_0.url from bookmarks b1_0 order by b1_0.created_at desc offset ? rows fetch first ? rows only
Hibernate: select count(b1_0.id) from bookmarks b1_0
]]></system-out>
  </testcase>
  <testcase name="shouldGetStatusCode200ForGetAllBookmarksAndMatchesTotalElementsAndPages(int, int, int, boolean, boolean)[3]" classname="com.mohan.bookmarks_api_backend.controller.BookmarkControllerTest" time="0.016">
    <system-out><![CDATA[Hibernate: delete from bookmarks b1_0
Hibernate: insert into bookmarks (created_at,title,url,id) values (?,?,?,?)
Hibernate: insert into bookmarks (created_at,title,url,id) values (?,?,?,?)
Hibernate: insert into bookmarks (created_at,title,url,id) values (?,?,?,?)
Hibernate: insert into bookmarks (created_at,title,url,id) values (?,?,?,?)
Hibernate: insert into bookmarks (created_at,title,url,id) values (?,?,?,?)
Hibernate: insert into bookmarks (created_at,title,url,id) values (?,?,?,?)
Hibernate: insert into bookmarks (created_at,title,url,id) values (?,?,?,?)
Hibernate: insert into bookmarks (created_at,title,url,id) values (?,?,?,?)
Hibernate: insert into bookmarks (created_at,title,url,id) values (?,?,?,?)
Hibernate: insert into bookmarks (created_at,title,url,id) values (?,?,?,?)
Hibernate: insert into bookmarks (created_at,title,url,id) values (?,?,?,?)
Hibernate: insert into bookmarks (created_at,title,url,id) values (?,?,?,?)
Hibernate: insert into bookmarks (created_at,title,url,id) values (?,?,?,?)
Hibernate: insert into bookmarks (created_at,title,url,id) values (?,?,?,?)
Hibernate: insert into bookmarks (created_at,title,url,id) values (?,?,?,?)
Hibernate: select b1_0.id,b1_0.created_at,b1_0.title,b1_0.url from bookmarks b1_0 order by b1_0.created_at desc offset ? rows fetch first ? rows only
Hibernate: select count(b1_0.id) from bookmarks b1_0
]]></system-out>
  </testcase>
</testsuite>